
> edudocs-frontend@0.1.0 dev
> next dev -p 3000

▲ Next.js 16.2.9 (Turbopack)
- Local:         http://localhost:3000
- Network:       http://192.168.0.14:3000
✓ Ready in 798ms

 GET /dashboard/library 200 in 1832ms (next.js: 1318ms, application-code: 514ms)
 GET /dashboard/library/270 200 in 3.1s (next.js: 2.7s, application-code: 353ms)
 GET /dashboard/library/270 200 in 112ms (next.js: 21ms, application-code: 91ms)
 GET /dashboard/library/270 200 in 153ms (next.js: 22ms, application-code: 131ms)
 GET /dashboard/library 200 in 83ms (next.js: 12ms, application-code: 71ms)
 GET /login 200 in 131ms (next.js: 85ms, application-code: 45ms)
 GET /dashboard 200 in 391ms (next.js: 229ms, application-code: 162ms)
 GET /dashboard/library 200 in 30ms (next.js: 4ms, application-code: 26ms)
 GET /dashboard 200 in 50ms (next.js: 11ms, application-code: 39ms)
 GET /dashboard/document/23 200 in 964ms (next.js: 926ms, application-code: 38ms)
 GET /dashboard/new?type=lesson-plan&grade=6%C2%BA+ano&subject=Hist%C3%B3ria&topic=Segunda+Guerra+Mundial 200 in 92ms (next.js: 59ms, application-code: 34ms)
 GET /dashboard/document/24 200 in 74ms (next.js: 21ms, application-code: 53ms)
 GET /dashboard/document/24 200 in 392ms (next.js: 25ms, application-code: 367ms)
 GET /dashboard/new?type=lesson-plan&grade=6%C2%BA+ano&subject=Hist%C3%B3ria&topic=Segunda+Guerra+Mundial 200 in 54ms (next.js: 10ms, application-code: 44ms)
 GET /dashboard/document/25 200 in 65ms (next.js: 19ms, application-code: 47ms)
 GET /dashboard 200 in 30ms (next.js: 5ms, application-code: 25ms)
 GET /dashboard/new?type=lesson-plan&grade=6%C2%BA+ano&subject=Hist%C3%B3ria&topic=Segunda+Guerra+Mundial 200 in 48ms (next.js: 6ms, application-code: 42ms)
 GET /dashboard/document/26 200 in 64ms (next.js: 17ms, application-code: 46ms)
 GET /dashboard 200 in 709ms (next.js: 93ms, application-code: 616ms)
 GET /dashboard/document/25 200 in 156ms (next.js: 81ms, application-code: 75ms)
 GET /dashboard/classrooms 200 in 2.0s (next.js: 1812ms, application-code: 219ms)
 GET /dashboard/classrooms 200 in 111ms (next.js: 42ms, application-code: 70ms)
 GET /dashboard/classrooms/3 200 in 3.8s (next.js: 3.2s, application-code: 570ms)
 GET /dashboard/classrooms/3 200 in 1225ms (next.js: 95ms, application-code: 1130ms)
 GET /dashboard/classrooms/3 200 in 820ms (next.js: 104ms, application-code: 716ms)
 GET /dashboard/classrooms/3 200 in 530ms (next.js: 11ms, application-code: 519ms)
 GET /dashboard/classrooms/3 200 in 548ms (next.js: 307ms, application-code: 242ms)
 GET /dashboard/classrooms/3 200 in 555ms (next.js: 420ms, application-code: 135ms)
 GET /dashboard/classrooms/3 200 in 441ms (next.js: 77ms, application-code: 364ms)
 GET /dashboard/slides/7 200 in 739ms (next.js: 709ms, application-code: 30ms)
 GET /dashboard/classrooms 200 in 31ms (next.js: 5ms, application-code: 26ms)
 GET /dashboard 200 in 19ms (next.js: 5ms, application-code: 15ms)
 GET /dashboard/new?type=lesson-plan&grade=6%C2%BA+ano&subject=Hist%C3%B3ria&topic=Segunda+Guerra+Mundial 200 in 27ms (next.js: 5ms, application-code: 22ms)
 GET /dashboard/document/27 200 in 53ms (next.js: 14ms, application-code: 39ms)
 GET /dashboard/document/27 200 in 75ms (next.js: 12ms, application-code: 63ms)
 GET /dashboard/new 200 in 24ms (next.js: 4ms, application-code: 20ms)
 GET /dashboard/document/28 200 in 36ms (next.js: 10ms, application-code: 26ms)
 GET /dashboard/document/28 200 in 68ms (next.js: 10ms, application-code: 58ms)
 GET /dashboard/new 200 in 40ms (next.js: 6ms, application-code: 34ms)
 GET /dashboard/document/29 200 in 41ms (next.js: 13ms, application-code: 28ms)
 GET /dashboard/document/29 200 in 405ms (next.js: 141ms, application-code: 264ms)
 GET /dashboard/new 200 in 121ms (next.js: 8ms, application-code: 113ms)
 GET /dashboard/document/30 200 in 54ms (next.js: 11ms, application-code: 43ms)
 GET /dashboard/document/30 200 in 109ms (next.js: 11ms, application-code: 98ms)
 GET /dashboard/new 200 in 33ms (next.js: 4ms, application-code: 29ms)
 GET /dashboard/document/31 200 in 46ms (next.js: 11ms, application-code: 34ms)
 GET /dashboard/document/32 200 in 40ms (next.js: 11ms, application-code: 29ms)
 GET / 200 in 342ms (next.js: 168ms, application-code: 174ms)
 GET /dashboard/new 200 in 211ms (next.js: 11ms, application-code: 200ms)
 GET /login 200 in 41ms (next.js: 10ms, application-code: 31ms)
 GET /dashboard 200 in 120ms (next.js: 24ms, application-code: 96ms)
 GET /dashboard/new 200 in 283ms (next.js: 20ms, application-code: 264ms)
 GET /dashboard/document/33 200 in 238ms (next.js: 78ms, application-code: 160ms)
 GET /dashboard/new 200 in 58ms (next.js: 6ms, application-code: 52ms)
 GET /dashboard/new 200 in 62ms (next.js: 7ms, application-code: 55ms)
 GET /dashboard/slides 200 in 127ms (next.js: 100ms, application-code: 27ms)
 GET /dashboard 200 in 37ms (next.js: 8ms, application-code: 29ms)
 GET /dashboard/document/36 200 in 56ms (next.js: 14ms, application-code: 42ms)
 GET /dashboard/document/35 200 in 41ms (next.js: 12ms, application-code: 29ms)
 GET /dashboard/document/34 200 in 34ms (next.js: 9ms, application-code: 25ms)
 GET /dashboard/document/32 200 in 39ms (next.js: 10ms, application-code: 29ms)
 GET /dashboard/document/37 200 in 86ms (next.js: 16ms, application-code: 70ms)
 GET /dashboard/document/37 200 in 63ms (next.js: 12ms, application-code: 51ms)
 GET /dashboard/document/37 200 in 62ms (next.js: 12ms, application-code: 50ms)
✓ Compiled in 684ms
 GET /dashboard/document/37 200 in 422ms (next.js: 241ms, application-code: 182ms)
 GET /dashboard/document/32 200 in 102ms (next.js: 14ms, application-code: 88ms)
✓ Compiled in 2.8s
 GET /dashboard/document/32 200 in 425ms (next.js: 173ms, application-code: 251ms)
 GET /dashboard/document/37 200 in 426ms (next.js: 222ms, application-code: 204ms)
 GET /dashboard/document/32 200 in 127ms (next.js: 10ms, application-code: 116ms)
 GET /dashboard/document/37 200 in 58ms (next.js: 12ms, application-code: 46ms)
 GET /dashboard/document/37 200 in 516ms (next.js: 13ms, application-code: 503ms)
